<?xml version="1.0" encoding="UTF-8"?>
<testsuite xmlns:xsi="http://www.w3.org/2001/XMLSchema-instance" xsi:noNamespaceSchemaLocation="https://maven.apache.org/surefire/maven-surefire-plugin/xsd/surefire-test-report-3.0.xsd" version="3.0" name="se.oskar.fhir.plugin.EnhancedValidatorTest" time="0.857" tests="7" errors="0" skipped="0" failures="0">
  <properties>
    <property name="java.specification.version" value="22"/>
    <property name="sun.cpu.isalist" value="amd64"/>
    <property name="sun.jnu.encoding" value="Cp1252"/>
    <property name="java.class.path" value="C:\Users\oskar\gitb-vs\json-fhir-validator\target\test-classes;C:\Users\oskar\gitb-vs\json-fhir-validator\target\classes;C:\Users\oskar\.m2\repository\ca\uhn\hapi\fhir\hapi-fhir-base\6.10.3\hapi-fhir-base-6.10.3.jar;C:\Users\oskar\.m2\repository\com\fasterxml\jackson\datatype\jackson-datatype-jsr310\2.15.3\jackson-datatype-jsr310-2.15.3.jar;C:\Users\oskar\.m2\repository\com\fasterxml\jackson\core\jackson-annotations\2.15.3\jackson-annotations-2.15.3.jar;C:\Users\oskar\.m2\repository\com\fasterxml\jackson\core\jackson-core\2.15.3\jackson-core-2.15.3.jar;C:\Users\oskar\.m2\repository\com\fasterxml\jackson\core\jackson-databind\2.15.3\jackson-databind-2.15.3.jar;C:\Users\oskar\.m2\repository\org\apache\commons\commons-lang3\3.12.0\commons-lang3-3.12.0.jar;C:\Users\oskar\.m2\repository\org\apache\commons\commons-text\1.10.0\commons-text-1.10.0.jar;C:\Users\oskar\.m2\repository\commons-codec\commons-codec\1.15\commons-codec-1.15.jar;C:\Users\oskar\.m2\repository\com\google\guava\guava\32.1.1-jre\guava-32.1.1-jre.jar;C:\Users\oskar\.m2\repository\com\google\guava\failureaccess\1.0.1\failureaccess-1.0.1.jar;C:\Users\oskar\.m2\repository\com\google\guava\listenablefuture\9999.0-empty-to-avoid-conflict-with-guava\listenablefuture-9999.0-empty-to-avoid-conflict-with-guava.jar;C:\Users\oskar\.m2\repository\org\checkerframework\checker-qual\3.33.0\checker-qual-3.33.0.jar;C:\Users\oskar\.m2\repository\com\google\errorprone\error_prone_annotations\2.18.0\error_prone_annotations-2.18.0.jar;C:\Users\oskar\.m2\repository\com\google\j2objc\j2objc-annotations\2.8\j2objc-annotations-2.8.jar;C:\Users\oskar\.m2\repository\org\slf4j\slf4j-api\2.0.3\slf4j-api-2.0.3.jar;C:\Users\oskar\.m2\repository\org\slf4j\jcl-over-slf4j\2.0.3\jcl-over-slf4j-2.0.3.jar;C:\Users\oskar\.m2\repository\com\google\code\findbugs\jsr305\3.0.2\jsr305-3.0.2.jar;C:\Users\oskar\.m2\repository\ca\uhn\hapi\fhir\hapi-fhir-structures-r4\6.10.3\hapi-fhir-structures-r4-6.10.3.jar;C:\Users\oskar\.m2\repository\ca\uhn\hapi\fhir\org.hl7.fhir.utilities\6.1.2.2\org.hl7.fhir.utilities-6.1.2.2.jar;C:\Users\oskar\.m2\repository\com\ibm\icu\icu4j\72.1\icu4j-72.1.jar;C:\Users\oskar\.m2\repository\ca\uhn\hapi\fhir\org.hl7.fhir.r4\6.1.2.2\org.hl7.fhir.r4-6.1.2.2.jar;C:\Users\oskar\.m2\repository\ca\uhn\hapi\fhir\hapi-fhir-caching-api\6.10.3\hapi-fhir-caching-api-6.10.3.jar;C:\Users\oskar\.m2\repository\ca\uhn\hapi\fhir\hapi-fhir-validation\6.10.3\hapi-fhir-validation-6.10.3.jar;C:\Users\oskar\.m2\repository\ca\uhn\hapi\fhir\hapi-fhir-converter\6.10.3\hapi-fhir-converter-6.10.3.jar;C:\Users\oskar\.m2\repository\ca\uhn\hapi\fhir\org.hl7.fhir.convertors\6.1.2.2\org.hl7.fhir.convertors-6.1.2.2.jar;C:\Users\oskar\.m2\repository\ca\uhn\hapi\fhir\org.hl7.fhir.r4b\6.1.2.2\org.hl7.fhir.r4b-6.1.2.2.jar;C:\Users\oskar\.m2\repository\org\xerial\sqlite-jdbc\3.42.0.0\sqlite-jdbc-3.42.0.0.jar;C:\Users\oskar\.m2\repository\ca\uhn\hapi\fhir\hapi-fhir-caching-caffeine\6.10.3\hapi-fhir-caching-caffeine-6.10.3.jar;C:\Users\oskar\.m2\repository\ca\uhn\hapi\fhir\org.hl7.fhir.validation\6.1.2.2\org.hl7.fhir.validation-6.1.2.2.jar;C:\Users\oskar\.m2\repository\ca\uhn\hapi\fhir\org.hl7.fhir.dstu2\6.1.2.2\org.hl7.fhir.dstu2-6.1.2.2.jar;C:\Users\oskar\.m2\repository\ca\uhn\hapi\fhir\org.hl7.fhir.dstu2016may\6.1.2.2\org.hl7.fhir.dstu2016may-6.1.2.2.jar;C:\Users\oskar\.m2\repository\ca\uhn\hapi\fhir\org.hl7.fhir.dstu3\6.1.2.2\org.hl7.fhir.dstu3-6.1.2.2.jar;C:\Users\oskar\.m2\repository\ca\uhn\hapi\fhir\org.hl7.fhir.r5\6.1.2.2\org.hl7.fhir.r5-6.1.2.2.jar;C:\Users\oskar\.m2\repository\net\sourceforge\plantuml\plantuml-mit\1.2023.9\plantuml-mit-1.2023.9.jar;C:\Users\oskar\.m2\repository\net\sf\saxon\Saxon-HE\9.8.0-15\Saxon-HE-9.8.0-15.jar;C:\Users\oskar\.m2\repository\org\ogce\xpp3\1.1.6\xpp3-1.1.6.jar;C:\Users\oskar\.m2\repository\jakarta-regexp\jakarta-regexp\1.4\jakarta-regexp-1.4.jar;C:\Users\oskar\.m2\repository\org\apache\commons\commons-compress\1.21\commons-compress-1.21.jar;C:\Users\oskar\.m2\repository\commons-beanutils\commons-beanutils\1.9.4\commons-beanutils-1.9.4.jar;C:\Users\oskar\.m2\repository\commons-collections\commons-collections\3.2.2\commons-collections-3.2.2.jar;C:\Users\oskar\.m2\repository\org\thymeleaf\thymeleaf\3.1.2.RELEASE\thymeleaf-3.1.2.RELEASE.jar;C:\Users\oskar\.m2\repository\ognl\ognl\3.3.4\ognl-3.3.4.jar;C:\Users\oskar\.m2\repository\org\javassist\javassist\3.29.0-GA\javassist-3.29.0-GA.jar;C:\Users\oskar\.m2\repository\org\attoparser\attoparser\2.0.7.RELEASE\attoparser-2.0.7.RELEASE.jar;C:\Users\oskar\.m2\repository\org\unbescape\unbescape\1.1.6.RELEASE\unbescape-1.1.6.RELEASE.jar;C:\Users\oskar\.m2\repository\org\fhir\ucum\1.0.8\ucum-1.0.8.jar;C:\Users\oskar\.m2\repository\com\github\ben-manes\caffeine\caffeine\3.1.1\caffeine-3.1.1.jar;C:\Users\oskar\.m2\repository\com\google\code\gson\gson\2.8.9\gson-2.8.9.jar;C:\Users\oskar\.m2\repository\ca\uhn\hapi\fhir\hapi-fhir-structures-r5\6.10.3\hapi-fhir-structures-r5-6.10.3.jar;C:\Users\oskar\.m2\repository\org\apache\httpcomponents\httpclient\4.5.13\httpclient-4.5.13.jar;C:\Users\oskar\.m2\repository\org\apache\httpcomponents\httpcore\4.4.13\httpcore-4.4.13.jar;C:\Users\oskar\.m2\repository\commons-logging\commons-logging\1.2\commons-logging-1.2.jar;C:\Users\oskar\.m2\repository\commons-io\commons-io\2.16.1\commons-io-2.16.1.jar;C:\Users\oskar\.m2\repository\org\junit\jupiter\junit-jupiter\5.9.2\junit-jupiter-5.9.2.jar;C:\Users\oskar\.m2\repository\org\junit\jupiter\junit-jupiter-api\5.9.2\junit-jupiter-api-5.9.2.jar;C:\Users\oskar\.m2\repository\org\opentest4j\opentest4j\1.2.0\opentest4j-1.2.0.jar;C:\Users\oskar\.m2\repository\org\junit\platform\junit-platform-commons\1.9.2\junit-platform-commons-1.9.2.jar;C:\Users\oskar\.m2\repository\org\apiguardian\apiguardian-api\1.1.2\apiguardian-api-1.1.2.jar;C:\Users\oskar\.m2\repository\org\junit\jupiter\junit-jupiter-params\5.9.2\junit-jupiter-params-5.9.2.jar;C:\Users\oskar\.m2\repository\org\junit\jupiter\junit-jupiter-engine\5.9.2\junit-jupiter-engine-5.9.2.jar;C:\Users\oskar\.m2\repository\org\junit\platform\junit-platform-engine\1.9.2\junit-platform-engine-1.9.2.jar;"/>
    <property name="java.vm.vendor" value="Oracle Corporation"/>
    <property name="sun.arch.data.model" value="64"/>
    <property name="user.variant" value=""/>
    <property name="java.vendor.url" value="https://java.oracle.com/"/>
    <property name="user.timezone" value="Europe/Stockholm"/>
    <property name="os.name" value="Windows 11"/>
    <property name="java.vm.specification.version" value="22"/>
    <property name="sun.java.launcher" value="SUN_STANDARD"/>
    <property name="user.country" value="SE"/>
    <property name="sun.boot.library.path" value="C:\Program Files\Java\jdk-22\bin"/>
    <property name="sun.java.command" value="C:\Users\oskar\AppData\Local\Temp\surefire1142371438717844837\surefirebooter-20250829160836890_3.jar C:\Users\oskar\AppData\Local\Temp\surefire1142371438717844837 2025-08-29T16-08-36_783-jvmRun1 surefire-20250829160836890_1tmp surefire_0-20250829160836890_2tmp"/>
    <property name="jdk.debug" value="release"/>
    <property name="surefire.test.class.path" value="C:\Users\oskar\gitb-vs\json-fhir-validator\target\test-classes;C:\Users\oskar\gitb-vs\json-fhir-validator\target\classes;C:\Users\oskar\.m2\repository\ca\uhn\hapi\fhir\hapi-fhir-base\6.10.3\hapi-fhir-base-6.10.3.jar;C:\Users\oskar\.m2\repository\com\fasterxml\jackson\datatype\jackson-datatype-jsr310\2.15.3\jackson-datatype-jsr310-2.15.3.jar;C:\Users\oskar\.m2\repository\com\fasterxml\jackson\core\jackson-annotations\2.15.3\jackson-annotations-2.15.3.jar;C:\Users\oskar\.m2\repository\com\fasterxml\jackson\core\jackson-core\2.15.3\jackson-core-2.15.3.jar;C:\Users\oskar\.m2\repository\com\fasterxml\jackson\core\jackson-databind\2.15.3\jackson-databind-2.15.3.jar;C:\Users\oskar\.m2\repository\org\apache\commons\commons-lang3\3.12.0\commons-lang3-3.12.0.jar;C:\Users\oskar\.m2\repository\org\apache\commons\commons-text\1.10.0\commons-text-1.10.0.jar;C:\Users\oskar\.m2\repository\commons-codec\commons-codec\1.15\commons-codec-1.15.jar;C:\Users\oskar\.m2\repository\com\google\guava\guava\32.1.1-jre\guava-32.1.1-jre.jar;C:\Users\oskar\.m2\repository\com\google\guava\failureaccess\1.0.1\failureaccess-1.0.1.jar;C:\Users\oskar\.m2\repository\com\google\guava\listenablefuture\9999.0-empty-to-avoid-conflict-with-guava\listenablefuture-9999.0-empty-to-avoid-conflict-with-guava.jar;C:\Users\oskar\.m2\repository\org\checkerframework\checker-qual\3.33.0\checker-qual-3.33.0.jar;C:\Users\oskar\.m2\repository\com\google\errorprone\error_prone_annotations\2.18.0\error_prone_annotations-2.18.0.jar;C:\Users\oskar\.m2\repository\com\google\j2objc\j2objc-annotations\2.8\j2objc-annotations-2.8.jar;C:\Users\oskar\.m2\repository\org\slf4j\slf4j-api\2.0.3\slf4j-api-2.0.3.jar;C:\Users\oskar\.m2\repository\org\slf4j\jcl-over-slf4j\2.0.3\jcl-over-slf4j-2.0.3.jar;C:\Users\oskar\.m2\repository\com\google\code\findbugs\jsr305\3.0.2\jsr305-3.0.2.jar;C:\Users\oskar\.m2\repository\ca\uhn\hapi\fhir\hapi-fhir-structures-r4\6.10.3\hapi-fhir-structures-r4-6.10.3.jar;C:\Users\oskar\.m2\repository\ca\uhn\hapi\fhir\org.hl7.fhir.utilities\6.1.2.2\org.hl7.fhir.utilities-6.1.2.2.jar;C:\Users\oskar\.m2\repository\com\ibm\icu\icu4j\72.1\icu4j-72.1.jar;C:\Users\oskar\.m2\repository\ca\uhn\hapi\fhir\org.hl7.fhir.r4\6.1.2.2\org.hl7.fhir.r4-6.1.2.2.jar;C:\Users\oskar\.m2\repository\ca\uhn\hapi\fhir\hapi-fhir-caching-api\6.10.3\hapi-fhir-caching-api-6.10.3.jar;C:\Users\oskar\.m2\repository\ca\uhn\hapi\fhir\hapi-fhir-validation\6.10.3\hapi-fhir-validation-6.10.3.jar;C:\Users\oskar\.m2\repository\ca\uhn\hapi\fhir\hapi-fhir-converter\6.10.3\hapi-fhir-converter-6.10.3.jar;C:\Users\oskar\.m2\repository\ca\uhn\hapi\fhir\org.hl7.fhir.convertors\6.1.2.2\org.hl7.fhir.convertors-6.1.2.2.jar;C:\Users\oskar\.m2\repository\ca\uhn\hapi\fhir\org.hl7.fhir.r4b\6.1.2.2\org.hl7.fhir.r4b-6.1.2.2.jar;C:\Users\oskar\.m2\repository\org\xerial\sqlite-jdbc\3.42.0.0\sqlite-jdbc-3.42.0.0.jar;C:\Users\oskar\.m2\repository\ca\uhn\hapi\fhir\hapi-fhir-caching-caffeine\6.10.3\hapi-fhir-caching-caffeine-6.10.3.jar;C:\Users\oskar\.m2\repository\ca\uhn\hapi\fhir\org.hl7.fhir.validation\6.1.2.2\org.hl7.fhir.validation-6.1.2.2.jar;C:\Users\oskar\.m2\repository\ca\uhn\hapi\fhir\org.hl7.fhir.dstu2\6.1.2.2\org.hl7.fhir.dstu2-6.1.2.2.jar;C:\Users\oskar\.m2\repository\ca\uhn\hapi\fhir\org.hl7.fhir.dstu2016may\6.1.2.2\org.hl7.fhir.dstu2016may-6.1.2.2.jar;C:\Users\oskar\.m2\repository\ca\uhn\hapi\fhir\org.hl7.fhir.dstu3\6.1.2.2\org.hl7.fhir.dstu3-6.1.2.2.jar;C:\Users\oskar\.m2\repository\ca\uhn\hapi\fhir\org.hl7.fhir.r5\6.1.2.2\org.hl7.fhir.r5-6.1.2.2.jar;C:\Users\oskar\.m2\repository\net\sourceforge\plantuml\plantuml-mit\1.2023.9\plantuml-mit-1.2023.9.jar;C:\Users\oskar\.m2\repository\net\sf\saxon\Saxon-HE\9.8.0-15\Saxon-HE-9.8.0-15.jar;C:\Users\oskar\.m2\repository\org\ogce\xpp3\1.1.6\xpp3-1.1.6.jar;C:\Users\oskar\.m2\repository\jakarta-regexp\jakarta-regexp\1.4\jakarta-regexp-1.4.jar;C:\Users\oskar\.m2\repository\org\apache\commons\commons-compress\1.21\commons-compress-1.21.jar;C:\Users\oskar\.m2\repository\commons-beanutils\commons-beanutils\1.9.4\commons-beanutils-1.9.4.jar;C:\Users\oskar\.m2\repository\commons-collections\commons-collections\3.2.2\commons-collections-3.2.2.jar;C:\Users\oskar\.m2\repository\org\thymeleaf\thymeleaf\3.1.2.RELEASE\thymeleaf-3.1.2.RELEASE.jar;C:\Users\oskar\.m2\repository\ognl\ognl\3.3.4\ognl-3.3.4.jar;C:\Users\oskar\.m2\repository\org\javassist\javassist\3.29.0-GA\javassist-3.29.0-GA.jar;C:\Users\oskar\.m2\repository\org\attoparser\attoparser\2.0.7.RELEASE\attoparser-2.0.7.RELEASE.jar;C:\Users\oskar\.m2\repository\org\unbescape\unbescape\1.1.6.RELEASE\unbescape-1.1.6.RELEASE.jar;C:\Users\oskar\.m2\repository\org\fhir\ucum\1.0.8\ucum-1.0.8.jar;C:\Users\oskar\.m2\repository\com\github\ben-manes\caffeine\caffeine\3.1.1\caffeine-3.1.1.jar;C:\Users\oskar\.m2\repository\com\google\code\gson\gson\2.8.9\gson-2.8.9.jar;C:\Users\oskar\.m2\repository\ca\uhn\hapi\fhir\hapi-fhir-structures-r5\6.10.3\hapi-fhir-structures-r5-6.10.3.jar;C:\Users\oskar\.m2\repository\org\apache\httpcomponents\httpclient\4.5.13\httpclient-4.5.13.jar;C:\Users\oskar\.m2\repository\org\apache\httpcomponents\httpcore\4.4.13\httpcore-4.4.13.jar;C:\Users\oskar\.m2\repository\commons-logging\commons-logging\1.2\commons-logging-1.2.jar;C:\Users\oskar\.m2\repository\commons-io\commons-io\2.16.1\commons-io-2.16.1.jar;C:\Users\oskar\.m2\repository\org\junit\jupiter\junit-jupiter\5.9.2\junit-jupiter-5.9.2.jar;C:\Users\oskar\.m2\repository\org\junit\jupiter\junit-jupiter-api\5.9.2\junit-jupiter-api-5.9.2.jar;C:\Users\oskar\.m2\repository\org\opentest4j\opentest4j\1.2.0\opentest4j-1.2.0.jar;C:\Users\oskar\.m2\repository\org\junit\platform\junit-platform-commons\1.9.2\junit-platform-commons-1.9.2.jar;C:\Users\oskar\.m2\repository\org\apiguardian\apiguardian-api\1.1.2\apiguardian-api-1.1.2.jar;C:\Users\oskar\.m2\repository\org\junit\jupiter\junit-jupiter-params\5.9.2\junit-jupiter-params-5.9.2.jar;C:\Users\oskar\.m2\repository\org\junit\jupiter\junit-jupiter-engine\5.9.2\junit-jupiter-engine-5.9.2.jar;C:\Users\oskar\.m2\repository\org\junit\platform\junit-platform-engine\1.9.2\junit-platform-engine-1.9.2.jar;"/>
    <property name="sun.cpu.endian" value="little"/>
    <property name="user.home" value="C:\Users\oskar"/>
    <property name="user.language" value="sv"/>
    <property name="java.specification.vendor" value="Oracle Corporation"/>
    <property name="java.version.date" value="2024-07-16"/>
    <property name="java.home" value="C:\Program Files\Java\jdk-22"/>
    <property name="file.separator" value="\"/>
    <property name="basedir" value="C:\Users\oskar\gitb-vs\json-fhir-validator"/>
    <property name="java.vm.compressedOopsMode" value="Zero based"/>
    <property name="line.separator" value="&#10;"/>
    <property name="java.vm.specification.vendor" value="Oracle Corporation"/>
    <property name="java.specification.name" value="Java Platform API Specification"/>
    <property name="surefire.real.class.path" value="C:\Users\oskar\AppData\Local\Temp\surefire1142371438717844837\surefirebooter-20250829160836890_3.jar"/>
    <property name="user.script" value=""/>
    <property name="sun.management.compiler" value="HotSpot 64-Bit Tiered Compilers"/>
    <property name="java.runtime.version" value="22.0.2+9-70"/>
    <property name="user.name" value="oskar"/>
    <property name="stdout.encoding" value="Cp1252"/>
    <property name="path.separator" value=";"/>
    <property name="os.version" value="10.0"/>
    <property name="java.runtime.name" value="Java(TM) SE Runtime Environment"/>
    <property name="file.encoding" value="UTF-8"/>
    <property name="java.vm.name" value="Java HotSpot(TM) 64-Bit Server VM"/>
    <property name="localRepository" value="C:\Users\oskar\.m2\repository"/>
    <property name="java.vendor.url.bug" value="https://bugreport.java.com/bugreport/"/>
    <property name="java.io.tmpdir" value="C:\Users\oskar\AppData\Local\Temp\"/>
    <property name="java.version" value="22.0.2"/>
    <property name="user.dir" value="C:\Users\oskar\gitb-vs\json-fhir-validator"/>
    <property name="os.arch" value="amd64"/>
    <property name="java.vm.specification.name" value="Java Virtual Machine Specification"/>
    <property name="sun.os.patch.level" value=""/>
    <property name="native.encoding" value="Cp1252"/>
    <property name="java.library.path" value="C:\Program Files\Java\jdk-22\bin;C:\WINDOWS\Sun\Java\bin;C:\WINDOWS\system32;C:\WINDOWS;C:\Program Files\PowerShell\7;C:\Program Files\Common Files\Oracle\Java\javapath;C:\windows\system32;C:\windows;C:\windows\System32\Wbem;C:\windows\System32\WindowsPowerShell\v1.0\;C:\windows\System32\OpenSSH\;C:\Program Files (x86)\NVIDIA Corporation\PhysX\Common;C:\Users\Administrator\AppData\Local\Microsoft\WindowsApps;C:\Program Files\HP\OMEN-Broadcast\Common;C:\Program Files\HP\HP One Agent;C:\Program Files\Git\cmd;C:\Program Files\nodejs\;C:\WINDOWS\system32;C:\WINDOWS;C:\WINDOWS\System32\Wbem;C:\WINDOWS\System32\WindowsPowerShell\v1.0\;C:\WINDOWS\System32\OpenSSH\;C:\Users\charl\MSYS2\ucrt64\bin;C:\MinGW\bin;C:\Program Files\NVIDIA Corporation\NVIDIA app\NvDLISR;C:\Program Files\Docker\Docker\resources\bin;C:\Program Files\PowerShell\7\;C:\Maven\apache-maven-3.9.11\bin;C:\Program Files\dotnet\;C:\Ruby33-x64\bin;C:\Users\oskar\AppData\Local\Microsoft\WindowsApps;C:\Users\oskar\AppData\Local\GitHubDesktop\bin;C:\Users\oskar\AppData\Roaming\npm;C:\Users\oskar\AppData\Local\Packages\PythonSoftwareFoundation.Python.3.11_qbz5n2kfra8p0\LocalCache\local-packages\Python311\Scripts;C:\Users\oskar\AppData\Local\Programs\cursor\resources\app\bin;C:\Users\oskar\.dotnet\tools;."/>
    <property name="java.vm.info" value="mixed mode, sharing"/>
    <property name="stderr.encoding" value="Cp1252"/>
    <property name="java.vendor" value="Oracle Corporation"/>
    <property name="java.vm.version" value="22.0.2+9-70"/>
    <property name="sun.io.unicode.encoding" value="UnicodeLittle"/>
    <property name="java.class.version" value="66.0"/>
  </properties>
  <testcase name="testInvalidJson" classname="se.oskar.fhir.plugin.EnhancedValidatorTest" time="0.222">
    <system-err><![CDATA[SLF4J: No SLF4J providers were found.
SLF4J: Defaulting to no-operation (NOP) logger implementation
SLF4J: See https://www.slf4j.org/codes.html#noProviders for further details.
]]></system-err>
  </testcase>
  <testcase name="testWithIGAndProfile" classname="se.oskar.fhir.plugin.EnhancedValidatorTest" time="0.494"/>
  <testcase name="testRawJsonValidation" classname="se.oskar.fhir.plugin.EnhancedValidatorTest" time="0.037"/>
  <testcase name="testITBStandardInputs" classname="se.oskar.fhir.plugin.EnhancedValidatorTest" time="0.027"/>
  <testcase name="testFilePathValidation" classname="se.oskar.fhir.plugin.EnhancedValidatorTest" time="0.024"/>
  <testcase name="testBase64Validation" classname="se.oskar.fhir.plugin.EnhancedValidatorTest" time="0.026"/>
  <testcase name="testInvalidContentType" classname="se.oskar.fhir.plugin.EnhancedValidatorTest" time="0.003"/>
</testsuite>